2022-06-04 10:38:48,293 INFO org.springframework.boot.StartupInfoLogger [restartedMain] Starting RealestateApplication using Java 17 on DESKTOP-2A32802 with PID 15932 (C:\PROJELER JAVA EN SON\realestate\target\classes started by Mehmet in C:\PROJELER JAVA EN SON\realestate)
2022-06-04 10:38:48,298 INFO org.springframework.boot.SpringApplication [restartedMain] The following profiles are active: dev
2022-06-04 10:38:48,419 INFO org.springframework.boot.logging.DeferredLog [restartedMain] Devtools property defaults active! Set 'spring.devtools.add-properties' to 'false' to disable
2022-06-04 10:38:48,420 INFO org.springframework.boot.logging.DeferredLog [restartedMain] For additional web related logging consider setting the 'logging.level.web' property to 'DEBUG'
2022-06-04 10:38:50,333 INFO org.springframework.data.repository.config.RepositoryConfigurationDelegate [restartedMain] Bootstrapping Spring Data JPA repositories in DEFAULT mode.
2022-06-04 10:38:50,450 INFO org.springframework.data.repository.config.RepositoryConfigurationDelegate [restartedMain] Finished Spring Data repository scanning in 105 ms. Found 8 JPA repository interfaces.
2022-06-04 10:38:53,285 INFO org.springframework.boot.web.embedded.tomcat.TomcatWebServer [restartedMain] Tomcat initialized with port(s): 8288 (http)
2022-06-04 10:38:53,311 INFO org.apache.juli.logging.DirectJDKLog [restartedMain] Starting service [Tomcat]
2022-06-04 10:38:53,314 INFO org.apache.juli.logging.DirectJDKLog [restartedMain] Starting Servlet engine: [Apache Tomcat/9.0.54]
2022-06-04 10:38:53,609 INFO org.apache.juli.logging.DirectJDKLog [restartedMain] Initializing Spring embedded WebApplicationContext
2022-06-04 10:38:53,610 INFO org.springframework.boot.web.servlet.context.ServletWebServerApplicationContext [restartedMain] Root WebApplicationContext: initialization completed in 5187 ms
2022-06-04 10:38:54,079 INFO org.hibernate.jpa.internal.util.LogHelper [restartedMain] HHH000204: Processing PersistenceUnitInfo [name: default]
2022-06-04 10:38:54,237 INFO org.hibernate.Version [restartedMain] HHH000412: Hibernate ORM core version 5.4.32.Final
2022-06-04 10:38:54,604 INFO org.hibernate.annotations.common.reflection.java.JavaReflectionManager [restartedMain] HCANN000001: Hibernate Commons Annotations {5.1.2.Final}
2022-06-04 10:38:54,870 INFO com.zaxxer.hikari.HikariDataSource [restartedMain] HikariPool-1 - Starting...
2022-06-04 10:38:55,376 INFO com.zaxxer.hikari.HikariDataSource [restartedMain] HikariPool-1 - Start completed.
2022-06-04 10:38:55,417 INFO org.hibernate.dialect.Dialect [restartedMain] HHH000400: Using dialect: org.hibernate.dialect.PostgreSQLDialect
2022-06-04 10:38:58,420 INFO org.hibernate.engine.transaction.jta.platform.internal.JtaPlatformInitiator [restartedMain] HHH000490: Using JtaPlatform implementation: [org.hibernate.engine.transaction.jta.platform.internal.NoJtaPlatform]
2022-06-04 10:38:58,439 INFO org.springframework.orm.jpa.AbstractEntityManagerFactoryBean [restartedMain] Initialized JPA EntityManagerFactory for persistence unit 'default'
2022-06-04 10:38:59,568 WARN org.springframework.boot.autoconfigure.orm.jpa.JpaBaseConfiguration$JpaWebConfiguration [restartedMain] spring.jpa.open-in-view is enabled by default. Therefore, database queries may be performed during view rendering. Explicitly configure spring.jpa.open-in-view to disable this warning
2022-06-04 10:39:01,849 INFO org.springframework.security.web.DefaultSecurityFilterChain [restartedMain] Will secure any request with [org.springframework.security.web.context.request.async.WebAsyncManagerIntegrationFilter@353a11c, org.springframework.security.web.context.SecurityContextPersistenceFilter@394d1a25, org.springframework.security.web.header.HeaderWriterFilter@1df76509, org.springframework.web.filter.CorsFilter@34a7cc86, org.springframework.security.web.authentication.logout.LogoutFilter@1bb3724, com.graduationproject.realestate.security.JwtAuthenticationFilter@67a7c82e, org.springframework.security.web.savedrequest.RequestCacheAwareFilter@6c57b31d, org.springframework.security.web.servletapi.SecurityContextHolderAwareRequestFilter@4d6c49c9, org.springframework.security.web.authentication.AnonymousAuthenticationFilter@1949872c, org.springframework.security.web.session.SessionManagementFilter@25514158, org.springframework.security.web.access.ExceptionTranslationFilter@53691647, org.springframework.security.web.access.intercept.FilterSecurityInterceptor@5d73ea38]
2022-06-04 10:39:01,903 INFO springfox.documentation.spring.web.PropertySourcedRequestMappingHandlerMapping [restartedMain] Mapped URL path [/v2/api-docs] onto method [springfox.documentation.swagger2.web.Swagger2Controller#getDocumentation(String, HttpServletRequest)]
2022-06-04 10:39:02,210 INFO org.springframework.boot.devtools.autoconfigure.OptionalLiveReloadServer [restartedMain] LiveReload server is running on port 35729
2022-06-04 10:39:02,631 INFO org.springframework.boot.web.embedded.tomcat.TomcatWebServer [restartedMain] Tomcat started on port(s): 8288 (http) with context path ''
2022-06-04 10:39:02,633 INFO springfox.documentation.spring.web.plugins.DocumentationPluginsBootstrapper [restartedMain] Context refreshed
2022-06-04 10:39:02,669 INFO springfox.documentation.spring.web.plugins.DocumentationPluginsBootstrapper [restartedMain] Found 1 custom documentation plugin(s)
2022-06-04 10:39:02,747 INFO springfox.documentation.spring.web.scanners.ApiListingReferenceScanner [restartedMain] Scanning for api listing references
2022-06-04 10:39:03,106 INFO springfox.documentation.spring.web.readers.operation.CachingOperationNameGenerator [restartedMain] Generating unique operation named: bigFilterUsingGET_1
2022-06-04 10:39:03,109 INFO springfox.documentation.spring.web.readers.operation.CachingOperationNameGenerator [restartedMain] Generating unique operation named: deleteRentUsingDELETE_1
2022-06-04 10:39:03,116 INFO springfox.documentation.spring.web.readers.operation.CachingOperationNameGenerator [restartedMain] Generating unique operation named: findByCityNameAndDistrictAndPriceUsingGET_1
2022-06-04 10:39:03,121 INFO springfox.documentation.spring.web.readers.operation.CachingOperationNameGenerator [restartedMain] Generating unique operation named: getAllByImmovableTypesUsingGET_1
2022-06-04 10:39:03,127 INFO springfox.documentation.spring.web.readers.operation.CachingOperationNameGenerator [restartedMain] Generating unique operation named: getAllByListingDateUsingGET_1
2022-06-04 10:39:03,133 INFO springfox.documentation.spring.web.readers.operation.CachingOperationNameGenerator [restartedMain] Generating unique operation named: getAllByPriceUsingGET_1
2022-06-04 10:39:03,148 INFO springfox.documentation.spring.web.readers.operation.CachingOperationNameGenerator [restartedMain] Generating unique operation named: getAllForRentCityWithParamUsingGET_1
2022-06-04 10:39:03,195 INFO springfox.documentation.spring.web.readers.operation.CachingOperationNameGenerator [restartedMain] Generating unique operation named: bigFilterUsingGET_2
2022-06-04 10:39:03,204 INFO springfox.documentation.spring.web.readers.operation.CachingOperationNameGenerator [restartedMain] Generating unique operation named: findByCityNameAndDistrictAndPriceUsingGET_2
2022-06-04 10:39:03,214 INFO springfox.documentation.spring.web.readers.operation.CachingOperationNameGenerator [restartedMain] Generating unique operation named: getAllByImmovableTypesUsingGET_2
2022-06-04 10:39:03,220 INFO springfox.documentation.spring.web.readers.operation.CachingOperationNameGenerator [restartedMain] Generating unique operation named: getAllByListingDateUsingGET_2
2022-06-04 10:39:03,225 INFO springfox.documentation.spring.web.readers.operation.CachingOperationNameGenerator [restartedMain] Generating unique operation named: getAllByPriceUsingGET_2
2022-06-04 10:39:03,270 INFO springfox.documentation.spring.web.readers.operation.CachingOperationNameGenerator [restartedMain] Generating unique operation named: bigFilterUsingGET_3
2022-06-04 10:39:03,284 INFO springfox.documentation.spring.web.readers.operation.CachingOperationNameGenerator [restartedMain] Generating unique operation named: findByCityNameAndDistrictAndPriceUsingGET_3
2022-06-04 10:39:03,292 INFO springfox.documentation.spring.web.readers.operation.CachingOperationNameGenerator [restartedMain] Generating unique operation named: getAllByImmovableTypesUsingGET_3
2022-06-04 10:39:03,296 INFO springfox.documentation.spring.web.readers.operation.CachingOperationNameGenerator [restartedMain] Generating unique operation named: getAllByListingDateUsingGET_3
2022-06-04 10:39:03,300 INFO springfox.documentation.spring.web.readers.operation.CachingOperationNameGenerator [restartedMain] Generating unique operation named: getAllCheapHouseByCityNameUsingGET_1
2022-06-04 10:39:03,427 INFO org.springframework.boot.StartupInfoLogger [restartedMain] Started RealestateApplication in 16.245 seconds (JVM running for 17.454)
2022-06-04 10:39:20,487 INFO org.apache.juli.logging.DirectJDKLog [http-nio-8288-exec-2] Initializing Spring DispatcherServlet 'dispatcherServlet'
2022-06-04 10:39:20,488 INFO org.springframework.web.servlet.FrameworkServlet [http-nio-8288-exec-2] Initializing Servlet 'dispatcherServlet'
2022-06-04 10:39:20,489 INFO org.springframework.web.servlet.FrameworkServlet [http-nio-8288-exec-2] Completed initialization in 1 ms
2022-06-04 10:40:25,120 INFO com.graduationproject.realestate.controller.CityController [http-nio-8288-exec-4] CityController.getAllCity() metodu çalıştı
2022-06-04 10:41:00,960 INFO org.springframework.boot.StartupInfoLogger [restartedMain] Starting RealestateApplication using Java 17 on DESKTOP-2A32802 with PID 1380 (C:\PROJELER JAVA EN SON\realestate\target\classes started by Mehmet in C:\PROJELER JAVA EN SON\realestate)
2022-06-04 10:41:00,963 INFO org.springframework.boot.SpringApplication [restartedMain] The following profiles are active: dev
2022-06-04 10:41:01,053 INFO org.springframework.boot.logging.DeferredLog [restartedMain] Devtools property defaults active! Set 'spring.devtools.add-properties' to 'false' to disable
2022-06-04 10:41:01,054 INFO org.springframework.boot.logging.DeferredLog [restartedMain] For additional web related logging consider setting the 'logging.level.web' property to 'DEBUG'
2022-06-04 10:41:02,089 INFO org.springframework.data.repository.config.RepositoryConfigurationDelegate [restartedMain] Bootstrapping Spring Data JPA repositories in DEFAULT mode.
2022-06-04 10:41:02,194 INFO org.springframework.data.repository.config.RepositoryConfigurationDelegate [restartedMain] Finished Spring Data repository scanning in 93 ms. Found 8 JPA repository interfaces.
2022-06-04 10:41:03,520 INFO org.springframework.boot.web.embedded.tomcat.TomcatWebServer [restartedMain] Tomcat initialized with port(s): 8288 (http)
2022-06-04 10:41:03,534 INFO org.apache.juli.logging.DirectJDKLog [restartedMain] Starting service [Tomcat]
2022-06-04 10:41:03,535 INFO org.apache.juli.logging.DirectJDKLog [restartedMain] Starting Servlet engine: [Apache Tomcat/9.0.54]
2022-06-04 10:41:03,689 INFO org.apache.juli.logging.DirectJDKLog [restartedMain] Initializing Spring embedded WebApplicationContext
2022-06-04 10:41:03,689 INFO org.springframework.boot.web.servlet.context.ServletWebServerApplicationContext [restartedMain] Root WebApplicationContext: initialization completed in 2634 ms
2022-06-04 10:41:03,927 INFO org.hibernate.jpa.internal.util.LogHelper [restartedMain] HHH000204: Processing PersistenceUnitInfo [name: default]
2022-06-04 10:41:04,001 INFO org.hibernate.Version [restartedMain] HHH000412: Hibernate ORM core version 5.4.32.Final
2022-06-04 10:41:04,196 INFO org.hibernate.annotations.common.reflection.java.JavaReflectionManager [restartedMain] HCANN000001: Hibernate Commons Annotations {5.1.2.Final}
2022-06-04 10:41:04,340 INFO com.zaxxer.hikari.HikariDataSource [restartedMain] HikariPool-1 - Starting...
2022-06-04 10:41:04,581 INFO com.zaxxer.hikari.HikariDataSource [restartedMain] HikariPool-1 - Start completed.
2022-06-04 10:41:04,607 INFO org.hibernate.dialect.Dialect [restartedMain] HHH000400: Using dialect: org.hibernate.dialect.PostgreSQLDialect
2022-06-04 10:41:06,153 INFO org.hibernate.engine.transaction.jta.platform.internal.JtaPlatformInitiator [restartedMain] HHH000490: Using JtaPlatform implementation: [org.hibernate.engine.transaction.jta.platform.internal.NoJtaPlatform]
2022-06-04 10:41:06,161 INFO org.springframework.orm.jpa.AbstractEntityManagerFactoryBean [restartedMain] Initialized JPA EntityManagerFactory for persistence unit 'default'
2022-06-04 10:41:06,686 WARN org.springframework.boot.autoconfigure.orm.jpa.JpaBaseConfiguration$JpaWebConfiguration [restartedMain] spring.jpa.open-in-view is enabled by default. Therefore, database queries may be performed during view rendering. Explicitly configure spring.jpa.open-in-view to disable this warning
2022-06-04 10:41:07,880 INFO org.springframework.security.web.DefaultSecurityFilterChain [restartedMain] Will secure any request with [org.springframework.security.web.context.request.async.WebAsyncManagerIntegrationFilter@6fce44cb, org.springframework.security.web.context.SecurityContextPersistenceFilter@1c9f9e0e, org.springframework.security.web.header.HeaderWriterFilter@a9f791d, org.springframework.web.filter.CorsFilter@34a7cc86, org.springframework.security.web.authentication.logout.LogoutFilter@f95bd31, com.graduationproject.realestate.security.JwtAuthenticationFilter@67a7c82e, org.springframework.security.web.savedrequest.RequestCacheAwareFilter@43a371b0, org.springframework.security.web.servletapi.SecurityContextHolderAwareRequestFilter@772c7d0e, org.springframework.security.web.authentication.AnonymousAuthenticationFilter@353a11c, org.springframework.security.web.session.SessionManagementFilter@48d64854, org.springframework.security.web.access.ExceptionTranslationFilter@51ea14d1, org.springframework.security.web.access.intercept.FilterSecurityInterceptor@3179faad]
2022-06-04 10:41:07,911 INFO springfox.documentation.spring.web.PropertySourcedRequestMappingHandlerMapping [restartedMain] Mapped URL path [/v2/api-docs] onto method [springfox.documentation.swagger2.web.Swagger2Controller#getDocumentation(String, HttpServletRequest)]
2022-06-04 10:41:08,084 INFO org.springframework.boot.devtools.autoconfigure.OptionalLiveReloadServer [restartedMain] LiveReload server is running on port 35729
2022-06-04 10:41:08,341 INFO org.springframework.boot.web.embedded.tomcat.TomcatWebServer [restartedMain] Tomcat started on port(s): 8288 (http) with context path ''
2022-06-04 10:41:08,342 INFO springfox.documentation.spring.web.plugins.DocumentationPluginsBootstrapper [restartedMain] Context refreshed
2022-06-04 10:41:08,369 INFO springfox.documentation.spring.web.plugins.DocumentationPluginsBootstrapper [restartedMain] Found 1 custom documentation plugin(s)
2022-06-04 10:41:08,427 INFO springfox.documentation.spring.web.scanners.ApiListingReferenceScanner [restartedMain] Scanning for api listing references
2022-06-04 10:41:08,757 INFO springfox.documentation.spring.web.readers.operation.CachingOperationNameGenerator [restartedMain] Generating unique operation named: bigFilterUsingGET_1
2022-06-04 10:41:08,759 INFO springfox.documentation.spring.web.readers.operation.CachingOperationNameGenerator [restartedMain] Generating unique operation named: deleteRentUsingDELETE_1
2022-06-04 10:41:08,764 INFO springfox.documentation.spring.web.readers.operation.CachingOperationNameGenerator [restartedMain] Generating unique operation named: findByCityNameAndDistrictAndPriceUsingGET_1
2022-06-04 10:41:08,769 INFO springfox.documentation.spring.web.readers.operation.CachingOperationNameGenerator [restartedMain] Generating unique operation named: getAllByImmovableTypesUsingGET_1
2022-06-04 10:41:08,773 INFO springfox.documentation.spring.web.readers.operation.CachingOperationNameGenerator [restartedMain] Generating unique operation named: getAllByListingDateUsingGET_1
2022-06-04 10:41:08,777 INFO springfox.documentation.spring.web.readers.operation.CachingOperationNameGenerator [restartedMain] Generating unique operation named: getAllByPriceUsingGET_1
2022-06-04 10:41:08,784 INFO springfox.documentation.spring.web.readers.operation.CachingOperationNameGenerator [restartedMain] Generating unique operation named: getAllForRentCityWithParamUsingGET_1
2022-06-04 10:41:08,804 INFO springfox.documentation.spring.web.readers.operation.CachingOperationNameGenerator [restartedMain] Generating unique operation named: bigFilterUsingGET_2
2022-06-04 10:41:08,815 INFO springfox.documentation.spring.web.readers.operation.CachingOperationNameGenerator [restartedMain] Generating unique operation named: findByCityNameAndDistrictAndPriceUsingGET_2
2022-06-04 10:41:08,821 INFO springfox.documentation.spring.web.readers.operation.CachingOperationNameGenerator [restartedMain] Generating unique operation named: getAllByImmovableTypesUsingGET_2
2022-06-04 10:41:08,824 INFO springfox.documentation.spring.web.readers.operation.CachingOperationNameGenerator [restartedMain] Generating unique operation named: getAllByListingDateUsingGET_2
2022-06-04 10:41:08,827 INFO springfox.documentation.spring.web.readers.operation.CachingOperationNameGenerator [restartedMain] Generating unique operation named: getAllByPriceUsingGET_2
2022-06-04 10:41:08,847 INFO springfox.documentation.spring.web.readers.operation.CachingOperationNameGenerator [restartedMain] Generating unique operation named: bigFilterUsingGET_3
2022-06-04 10:41:08,856 INFO springfox.documentation.spring.web.readers.operation.CachingOperationNameGenerator [restartedMain] Generating unique operation named: findByCityNameAndDistrictAndPriceUsingGET_3
2022-06-04 10:41:08,860 INFO springfox.documentation.spring.web.readers.operation.CachingOperationNameGenerator [restartedMain] Generating unique operation named: getAllByImmovableTypesUsingGET_3
2022-06-04 10:41:08,862 INFO springfox.documentation.spring.web.readers.operation.CachingOperationNameGenerator [restartedMain] Generating unique operation named: getAllByListingDateUsingGET_3
2022-06-04 10:41:08,864 INFO springfox.documentation.spring.web.readers.operation.CachingOperationNameGenerator [restartedMain] Generating unique operation named: getAllCheapHouseByCityNameUsingGET_1
2022-06-04 10:41:08,973 INFO org.springframework.boot.StartupInfoLogger [restartedMain] Started RealestateApplication in 8.767 seconds (JVM running for 9.565)
2022-06-04 10:41:26,553 INFO org.apache.juli.logging.DirectJDKLog [http-nio-8288-exec-2] Initializing Spring DispatcherServlet 'dispatcherServlet'
2022-06-04 10:41:26,554 INFO org.springframework.web.servlet.FrameworkServlet [http-nio-8288-exec-2] Initializing Servlet 'dispatcherServlet'
2022-06-04 10:41:26,555 INFO org.springframework.web.servlet.FrameworkServlet [http-nio-8288-exec-2] Completed initialization in 1 ms
2022-06-04 10:41:26,907 INFO com.graduationproject.realestate.controller.CityController [http-nio-8288-exec-2] inside CityController.getAllCity() metodu çalıştı
2022-06-04 11:33:35,865 INFO org.springframework.boot.StartupInfoLogger [restartedMain] Starting RealestateApplication using Java 17 on DESKTOP-2A32802 with PID 10920 (C:\PROJELER JAVA EN SON\realestate\target\classes started by Mehmet in C:\PROJELER JAVA EN SON\realestate)
2022-06-04 11:33:35,868 INFO org.springframework.boot.SpringApplication [restartedMain] The following profiles are active: dev
2022-06-04 11:33:35,953 INFO org.springframework.boot.logging.DeferredLog [restartedMain] Devtools property defaults active! Set 'spring.devtools.add-properties' to 'false' to disable
2022-06-04 11:33:35,953 INFO org.springframework.boot.logging.DeferredLog [restartedMain] For additional web related logging consider setting the 'logging.level.web' property to 'DEBUG'
2022-06-04 11:33:36,982 INFO org.springframework.data.repository.config.RepositoryConfigurationDelegate [restartedMain] Bootstrapping Spring Data JPA repositories in DEFAULT mode.
2022-06-04 11:33:37,074 INFO org.springframework.data.repository.config.RepositoryConfigurationDelegate [restartedMain] Finished Spring Data repository scanning in 82 ms. Found 8 JPA repository interfaces.
2022-06-04 11:33:38,344 INFO org.springframework.boot.web.embedded.tomcat.TomcatWebServer [restartedMain] Tomcat initialized with port(s): 8288 (http)
2022-06-04 11:33:38,362 INFO org.apache.juli.logging.DirectJDKLog [restartedMain] Starting service [Tomcat]
2022-06-04 11:33:38,363 INFO org.apache.juli.logging.DirectJDKLog [restartedMain] Starting Servlet engine: [Apache Tomcat/9.0.54]
2022-06-04 11:33:38,502 INFO org.apache.juli.logging.DirectJDKLog [restartedMain] Initializing Spring embedded WebApplicationContext
2022-06-04 11:33:38,503 INFO org.springframework.boot.web.servlet.context.ServletWebServerApplicationContext [restartedMain] Root WebApplicationContext: initialization completed in 2549 ms
2022-06-04 11:33:38,726 INFO org.hibernate.jpa.internal.util.LogHelper [restartedMain] HHH000204: Processing PersistenceUnitInfo [name: default]
2022-06-04 11:33:38,794 INFO org.hibernate.Version [restartedMain] HHH000412: Hibernate ORM core version 5.4.32.Final
2022-06-04 11:33:38,980 INFO org.hibernate.annotations.common.reflection.java.JavaReflectionManager [restartedMain] HCANN000001: Hibernate Commons Annotations {5.1.2.Final}
2022-06-04 11:33:39,114 INFO com.zaxxer.hikari.HikariDataSource [restartedMain] HikariPool-1 - Starting...
2022-06-04 11:33:39,347 INFO com.zaxxer.hikari.HikariDataSource [restartedMain] HikariPool-1 - Start completed.
2022-06-04 11:33:39,368 INFO org.hibernate.dialect.Dialect [restartedMain] HHH000400: Using dialect: org.hibernate.dialect.PostgreSQLDialect
2022-06-04 11:33:40,901 INFO org.hibernate.engine.transaction.jta.platform.internal.JtaPlatformInitiator [restartedMain] HHH000490: Using JtaPlatform implementation: [org.hibernate.engine.transaction.jta.platform.internal.NoJtaPlatform]
2022-06-04 11:33:40,909 INFO org.springframework.orm.jpa.AbstractEntityManagerFactoryBean [restartedMain] Initialized JPA EntityManagerFactory for persistence unit 'default'
2022-06-04 11:33:41,420 WARN org.springframework.boot.autoconfigure.orm.jpa.JpaBaseConfiguration$JpaWebConfiguration [restartedMain] spring.jpa.open-in-view is enabled by default. Therefore, database queries may be performed during view rendering. Explicitly configure spring.jpa.open-in-view to disable this warning
2022-06-04 11:33:41,619 WARN org.springframework.context.support.AbstractApplicationContext [restartedMain] Exception encountered during context initialization - cancelling refresh attempt: org.springframework.beans.factory.UnsatisfiedDependencyException: Error creating bean with name 'forRentEstateAgentManager' defined in file [C:\PROJELER JAVA EN SON\realestate\target\classes\com\graduationproject\realestate\business\concretes\ForRentEstateAgentManager.class]: Unsatisfied dependency expressed through constructor parameter 0; nested exception is org.springframework.beans.factory.BeanCreationException: Error creating bean with name 'forRentEstateAgentRepository' defined in com.graduationproject.realestate.repository.ForRentEstateAgentRepository defined in @EnableJpaRepositories declared on RealestateApplication: Invocation of init method failed; nested exception is org.springframework.data.repository.query.QueryCreationException: Could not create query for public abstract java.util.List com.graduationproject.realestate.repository.ForRentEstateAgentRepository.findAllByImmovablesTypes(com.graduationproject.realestate.entities.ProductType,org.springframework.data.domain.Pageable)! Reason: Failed to create query for method public abstract java.util.List com.graduationproject.realestate.repository.ForRentEstateAgentRepository.findAllByImmovablesTypes(com.graduationproject.realestate.entities.ProductType,org.springframework.data.domain.Pageable)! No property immovablesTypes found for type ForRentEstateAgent!; nested exception is java.lang.IllegalArgumentException: Failed to create query for method public abstract java.util.List com.graduationproject.realestate.repository.ForRentEstateAgentRepository.findAllByImmovablesTypes(com.graduationproject.realestate.entities.ProductType,org.springframework.data.domain.Pageable)! No property immovablesTypes found for type ForRentEstateAgent!
2022-06-04 11:33:41,621 INFO org.springframework.orm.jpa.AbstractEntityManagerFactoryBean [restartedMain] Closing JPA EntityManagerFactory for persistence unit 'default'
2022-06-04 11:33:41,626 INFO com.zaxxer.hikari.HikariDataSource [restartedMain] HikariPool-1 - Shutdown initiated...
2022-06-04 11:33:41,630 INFO com.zaxxer.hikari.HikariDataSource [restartedMain] HikariPool-1 - Shutdown completed.
2022-06-04 11:33:41,637 INFO org.apache.juli.logging.DirectJDKLog [restartedMain] Stopping service [Tomcat]
2022-06-04 11:33:41,655 INFO org.springframework.boot.autoconfigure.logging.ConditionEvaluationReportLoggingListener [restartedMain] 

Error starting ApplicationContext. To display the conditions report re-run your application with 'debug' enabled.
2022-06-04 11:33:41,684 ERROR org.springframework.boot.SpringApplication [restartedMain] Application run failed
org.springframework.beans.factory.UnsatisfiedDependencyException: Error creating bean with name 'forRentEstateAgentManager' defined in file [C:\PROJELER JAVA EN SON\realestate\target\classes\com\graduationproject\realestate\business\concretes\ForRentEstateAgentManager.class]: Unsatisfied dependency expressed through constructor parameter 0; nested exception is org.springframework.beans.factory.BeanCreationException: Error creating bean with name 'forRentEstateAgentRepository' defined in com.graduationproject.realestate.repository.ForRentEstateAgentRepository defined in @EnableJpaRepositories declared on RealestateApplication: Invocation of init method failed; nested exception is org.springframework.data.repository.query.QueryCreationException: Could not create query for public abstract java.util.List com.graduationproject.realestate.repository.ForRentEstateAgentRepository.findAllByImmovablesTypes(com.graduationproject.realestate.entities.ProductType,org.springframework.data.domain.Pageable)! Reason: Failed to create query for method public abstract java.util.List com.graduationproject.realestate.repository.ForRentEstateAgentRepository.findAllByImmovablesTypes(com.graduationproject.realestate.entities.ProductType,org.springframework.data.domain.Pageable)! No property immovablesTypes found for type ForRentEstateAgent!; nested exception is java.lang.IllegalArgumentException: Failed to create query for method public abstract java.util.List com.graduationproject.realestate.repository.ForRentEstateAgentRepository.findAllByImmovablesTypes(com.graduationproject.realestate.entities.ProductType,org.springframework.data.domain.Pageable)! No property immovablesTypes found for type ForRentEstateAgent!
	at org.springframework.beans.factory.support.ConstructorResolver.createArgumentArray(ConstructorResolver.java:800)
	at org.springframework.beans.factory.support.ConstructorResolver.autowireConstructor(ConstructorResolver.java:229)
	at org.springframework.beans.factory.support.AbstractAutowireCapableBeanFactory.autowireConstructor(AbstractAutowireCapableBeanFactory.java:1372)
	at org.springframework.beans.factory.support.AbstractAutowireCapableBeanFactory.createBeanInstance(AbstractAutowireCapableBeanFactory.java:1222)
	at org.springframework.beans.factory.support.AbstractAutowireCapableBeanFactory.doCreateBean(AbstractAutowireCapableBeanFactory.java:582)
	at org.springframework.beans.factory.support.AbstractAutowireCapableBeanFactory.createBean(AbstractAutowireCapableBeanFactory.java:542)
	at org.springframework.beans.factory.support.AbstractBeanFactory.lambda$doGetBean$0(AbstractBeanFactory.java:335)
	at org.springframework.beans.factory.support.DefaultSingletonBeanRegistry.getSingleton(DefaultSingletonBeanRegistry.java:234)
	at org.springframework.beans.factory.support.AbstractBeanFactory.doGetBean(AbstractBeanFactory.java:333)
	at org.springframework.beans.factory.support.AbstractBeanFactory.getBean(AbstractBeanFactory.java:208)
	at org.springframework.beans.factory.support.DefaultListableBeanFactory.preInstantiateSingletons(DefaultListableBeanFactory.java:944)
	at org.springframework.context.support.AbstractApplicationContext.finishBeanFactoryInitialization(AbstractApplicationContext.java:918)
	at org.springframework.context.support.AbstractApplicationContext.refresh(AbstractApplicationContext.java:583)
	at org.springframework.boot.web.servlet.context.ServletWebServerApplicationContext.refresh(ServletWebServerApplicationContext.java:145)
	at org.springframework.boot.SpringApplication.refresh(SpringApplication.java:754)
	at org.springframework.boot.SpringApplication.refreshContext(SpringApplication.java:434)
	at org.springframework.boot.SpringApplication.run(SpringApplication.java:338)
	at org.springframework.boot.SpringApplication.run(SpringApplication.java:1343)
	at org.springframework.boot.SpringApplication.run(SpringApplication.java:1332)
	at com.graduationproject.realestate.RealestateApplication.main(RealestateApplication.java:18)
	at java.base/jdk.internal.reflect.NativeMethodAccessorImpl.invoke0(Native Method)
	at java.base/jdk.internal.reflect.NativeMethodAccessorImpl.invoke(NativeMethodAccessorImpl.java:77)
	at java.base/jdk.internal.reflect.DelegatingMethodAccessorImpl.invoke(DelegatingMethodAccessorImpl.java:43)
	at java.base/java.lang.reflect.Method.invoke(Method.java:568)
	at org.springframework.boot.devtools.restart.RestartLauncher.run(RestartLauncher.java:49)
Caused by: org.springframework.beans.factory.BeanCreationException: Error creating bean with name 'forRentEstateAgentRepository' defined in com.graduationproject.realestate.repository.ForRentEstateAgentRepository defined in @EnableJpaRepositories declared on RealestateApplication: Invocation of init method failed; nested exception is org.springframework.data.repository.query.QueryCreationException: Could not create query for public abstract java.util.List com.graduationproject.realestate.repository.ForRentEstateAgentRepository.findAllByImmovablesTypes(com.graduationproject.realestate.entities.ProductType,org.springframework.data.domain.Pageable)! Reason: Failed to create query for method public abstract java.util.List com.graduationproject.realestate.repository.ForRentEstateAgentRepository.findAllByImmovablesTypes(com.graduationproject.realestate.entities.ProductType,org.springframework.data.domain.Pageable)! No property immovablesTypes found for type ForRentEstateAgent!; nested exception is java.lang.IllegalArgumentException: Failed to create query for method public abstract java.util.List com.graduationproject.realestate.repository.ForRentEstateAgentRepository.findAllByImmovablesTypes(com.graduationproject.realestate.entities.ProductType,org.springframework.data.domain.Pageable)! No property immovablesTypes found for type ForRentEstateAgent!
	at org.springframework.beans.factory.support.AbstractAutowireCapableBeanFactory.initializeBean(AbstractAutowireCapableBeanFactory.java:1804)
	at org.springframework.beans.factory.support.AbstractAutowireCapableBeanFactory.doCreateBean(AbstractAutowireCapableBeanFactory.java:620)
	at org.springframework.beans.factory.support.AbstractAutowireCapableBeanFactory.createBean(AbstractAutowireCapableBeanFactory.java:542)
	at org.springframework.beans.factory.support.AbstractBeanFactory.lambda$doGetBean$0(AbstractBeanFactory.java:335)
	at org.springframework.beans.factory.support.DefaultSingletonBeanRegistry.getSingleton(DefaultSingletonBeanRegistry.java:234)
	at org.springframework.beans.factory.support.AbstractBeanFactory.doGetBean(AbstractBeanFactory.java:333)
	at org.springframework.beans.factory.support.AbstractBeanFactory.getBean(AbstractBeanFactory.java:208)
	at org.springframework.beans.factory.config.DependencyDescriptor.resolveCandidate(DependencyDescriptor.java:276)
	at org.springframework.beans.factory.support.DefaultListableBeanFactory.doResolveDependency(DefaultListableBeanFactory.java:1380)
	at org.springframework.beans.factory.support.DefaultListableBeanFactory.resolveDependency(DefaultListableBeanFactory.java:1300)
	at org.springframework.beans.factory.support.ConstructorResolver.resolveAutowiredArgument(ConstructorResolver.java:887)
	at org.springframework.beans.factory.support.ConstructorResolver.createArgumentArray(ConstructorResolver.java:791)
	... 24 common frames omitted
Caused by: org.springframework.data.repository.query.QueryCreationException: Could not create query for public abstract java.util.List com.graduationproject.realestate.repository.ForRentEstateAgentRepository.findAllByImmovablesTypes(com.graduationproject.realestate.entities.ProductType,org.springframework.data.domain.Pageable)! Reason: Failed to create query for method public abstract java.util.List com.graduationproject.realestate.repository.ForRentEstateAgentRepository.findAllByImmovablesTypes(com.graduationproject.realestate.entities.ProductType,org.springframework.data.domain.Pageable)! No property immovablesTypes found for type ForRentEstateAgent!; nested exception is java.lang.IllegalArgumentException: Failed to create query for method public abstract java.util.List com.graduationproject.realestate.repository.ForRentEstateAgentRepository.findAllByImmovablesTypes(com.graduationproject.realestate.entities.ProductType,org.springframework.data.domain.Pageable)! No property immovablesTypes found for type ForRentEstateAgent!
	at org.springframework.data.repository.query.QueryCreationException.create(QueryCreationException.java:101)
	at org.springframework.data.repository.core.support.QueryExecutorMethodInterceptor.lookupQuery(QueryExecutorMethodInterceptor.java:106)
	at org.springframework.data.repository.core.support.QueryExecutorMethodInterceptor.lambda$mapMethodsToQuery$1(QueryExecutorMethodInterceptor.java:94)
	at java.base/java.util.stream.ReferencePipeline$3$1.accept(ReferencePipeline.java:197)
	at java.base/java.util.Iterator.forEachRemaining(Iterator.java:133)
	at java.base/java.util.Collections$UnmodifiableCollection$1.forEachRemaining(Collections.java:1061)
	at java.base/java.util.Spliterators$IteratorSpliterator.forEachRemaining(Spliterators.java:1845)
	at java.base/java.util.stream.AbstractPipeline.copyInto(AbstractPipeline.java:509)
	at java.base/java.util.stream.AbstractPipeline.wrapAndCopyInto(AbstractPipeline.java:499)
	at java.base/java.util.stream.ReduceOps$ReduceOp.evaluateSequential(ReduceOps.java:921)
	at java.base/java.util.stream.AbstractPipeline.evaluate(AbstractPipeline.java:234)
	at java.base/java.util.stream.ReferencePipeline.collect(ReferencePipeline.java:682)
	at org.springframework.data.repository.core.support.QueryExecutorMethodInterceptor.mapMethodsToQuery(QueryExecutorMethodInterceptor.java:96)
	at org.springframework.data.repository.core.support.QueryExecutorMethodInterceptor.lambda$new$0(QueryExecutorMethodInterceptor.java:86)
	at java.base/java.util.Optional.map(Optional.java:260)
	at org.springframework.data.repository.core.support.QueryExecutorMethodInterceptor.<init>(QueryExecutorMethodInterceptor.java:86)
	at org.springframework.data.repository.core.support.RepositoryFactorySupport.getRepository(RepositoryFactorySupport.java:360)
	at org.springframework.data.repository.core.support.RepositoryFactoryBeanSupport.lambda$afterPropertiesSet$5(RepositoryFactoryBeanSupport.java:323)
	at org.springframework.data.util.Lazy.getNullable(Lazy.java:230)
	at org.springframework.data.util.Lazy.get(Lazy.java:114)
	at org.springframework.data.repository.core.support.RepositoryFactoryBeanSupport.afterPropertiesSet(RepositoryFactoryBeanSupport.java:329)
	at org.springframework.data.jpa.repository.support.JpaRepositoryFactoryBean.afterPropertiesSet(JpaRepositoryFactoryBean.java:144)
	at org.springframework.beans.factory.support.AbstractAutowireCapableBeanFactory.invokeInitMethods(AbstractAutowireCapableBeanFactory.java:1863)
	at org.springframework.beans.factory.support.AbstractAutowireCapableBeanFactory.initializeBean(AbstractAutowireCapableBeanFactory.java:1800)
	... 35 common frames omitted
Caused by: java.lang.IllegalArgumentException: Failed to create query for method public abstract java.util.List com.graduationproject.realestate.repository.ForRentEstateAgentRepository.findAllByImmovablesTypes(com.graduationproject.realestate.entities.ProductType,org.springframework.data.domain.Pageable)! No property immovablesTypes found for type ForRentEstateAgent!
	at org.springframework.data.jpa.repository.query.PartTreeJpaQuery.<init>(PartTreeJpaQuery.java:96)
	at org.springframework.data.jpa.repository.query.JpaQueryLookupStrategy$CreateQueryLookupStrategy.resolveQuery(JpaQueryLookupStrategy.java:113)
	at org.springframework.data.jpa.repository.query.JpaQueryLookupStrategy$CreateIfNotFoundQueryLookupStrategy.resolveQuery(JpaQueryLookupStrategy.java:254)
	at org.springframework.data.jpa.repository.query.JpaQueryLookupStrategy$AbstractQueryLookupStrategy.resolveQuery(JpaQueryLookupStrategy.java:87)
	at org.springframework.data.repository.core.support.QueryExecutorMethodInterceptor.lookupQuery(QueryExecutorMethodInterceptor.java:102)
	... 57 common frames omitted
Caused by: org.springframework.data.mapping.PropertyReferenceException: No property immovablesTypes found for type ForRentEstateAgent!
	at org.springframework.data.mapping.PropertyPath.<init>(PropertyPath.java:90)
	at org.springframework.data.mapping.PropertyPath.create(PropertyPath.java:437)
	at org.springframework.data.mapping.PropertyPath.create(PropertyPath.java:413)
	at org.springframework.data.mapping.PropertyPath.lambda$from$0(PropertyPath.java:366)
	at java.base/java.util.concurrent.ConcurrentMap.computeIfAbsent(ConcurrentMap.java:330)
	at org.springframework.data.mapping.PropertyPath.from(PropertyPath.java:348)
	at org.springframework.data.mapping.PropertyPath.from(PropertyPath.java:331)
	at org.springframework.data.repository.query.parser.Part.<init>(Part.java:81)
	at org.springframework.data.repository.query.parser.PartTree$OrPart.lambda$new$0(PartTree.java:249)
	at java.base/java.util.stream.ReferencePipeline$3$1.accept(ReferencePipeline.java:197)
	at java.base/java.util.stream.ReferencePipeline$2$1.accept(ReferencePipeline.java:179)
	at java.base/java.util.Spliterators$ArraySpliterator.forEachRemaining(Spliterators.java:992)
	at java.base/java.util.stream.AbstractPipeline.copyInto(AbstractPipeline.java:509)
	at java.base/java.util.stream.AbstractPipeline.wrapAndCopyInto(AbstractPipeline.java:499)
	at java.base/java.util.stream.ReduceOps$ReduceOp.evaluateSequential(ReduceOps.java:921)
	at java.base/java.util.stream.AbstractPipeline.evaluate(AbstractPipeline.java:234)
	at java.base/java.util.stream.ReferencePipeline.collect(ReferencePipeline.java:682)
	at org.springframework.data.repository.query.parser.PartTree$OrPart.<init>(PartTree.java:250)
	at org.springframework.data.repository.query.parser.PartTree$Predicate.lambda$new$0(PartTree.java:383)
	at java.base/java.util.stream.ReferencePipeline$3$1.accept(ReferencePipeline.java:197)
	at java.base/java.util.stream.ReferencePipeline$2$1.accept(ReferencePipeline.java:179)
	at java.base/java.util.Spliterators$ArraySpliterator.forEachRemaining(Spliterators.java:992)
	at java.base/java.util.stream.AbstractPipeline.copyInto(AbstractPipeline.java:509)
	at java.base/java.util.stream.AbstractPipeline.wrapAndCopyInto(AbstractPipeline.java:499)
	at java.base/java.util.stream.ReduceOps$ReduceOp.evaluateSequential(ReduceOps.java:921)
	at java.base/java.util.stream.AbstractPipeline.evaluate(AbstractPipeline.java:234)
	at java.base/java.util.stream.ReferencePipeline.collect(ReferencePipeline.java:682)
	at org.springframework.data.repository.query.parser.PartTree$Predicate.<init>(PartTree.java:384)
	at org.springframework.data.repository.query.parser.PartTree.<init>(PartTree.java:95)
	at org.springframework.data.jpa.repository.query.PartTreeJpaQuery.<init>(PartTreeJpaQuery.java:89)
	... 61 common frames omitted
2022-06-04 11:39:08,431 INFO org.springframework.boot.StartupInfoLogger [restartedMain] Starting RealestateApplication using Java 17 on DESKTOP-2A32802 with PID 2692 (C:\PROJELER JAVA EN SON\realestate\target\classes started by Mehmet in C:\PROJELER JAVA EN SON\realestate)
2022-06-04 11:39:08,433 INFO org.springframework.boot.SpringApplication [restartedMain] The following profiles are active: dev
2022-06-04 11:39:08,517 INFO org.springframework.boot.logging.DeferredLog [restartedMain] Devtools property defaults active! Set 'spring.devtools.add-properties' to 'false' to disable
2022-06-04 11:39:08,518 INFO org.springframework.boot.logging.DeferredLog [restartedMain] For additional web related logging consider setting the 'logging.level.web' property to 'DEBUG'
2022-06-04 11:39:09,478 INFO org.springframework.data.repository.config.RepositoryConfigurationDelegate [restartedMain] Bootstrapping Spring Data JPA repositories in DEFAULT mode.
2022-06-04 11:39:09,582 INFO org.springframework.data.repository.config.RepositoryConfigurationDelegate [restartedMain] Finished Spring Data repository scanning in 94 ms. Found 8 JPA repository interfaces.
2022-06-04 11:39:10,852 INFO org.springframework.boot.web.embedded.tomcat.TomcatWebServer [restartedMain] Tomcat initialized with port(s): 8288 (http)
2022-06-04 11:39:10,871 INFO org.apache.juli.logging.DirectJDKLog [restartedMain] Starting service [Tomcat]
2022-06-04 11:39:10,872 INFO org.apache.juli.logging.DirectJDKLog [restartedMain] Starting Servlet engine: [Apache Tomcat/9.0.54]
2022-06-04 11:39:11,016 INFO org.apache.juli.logging.DirectJDKLog [restartedMain] Initializing Spring embedded WebApplicationContext
2022-06-04 11:39:11,016 INFO org.springframework.boot.web.servlet.context.ServletWebServerApplicationContext [restartedMain] Root WebApplicationContext: initialization completed in 2497 ms
2022-06-04 11:39:11,248 INFO org.hibernate.jpa.internal.util.LogHelper [restartedMain] HHH000204: Processing PersistenceUnitInfo [name: default]
2022-06-04 11:39:11,329 INFO org.hibernate.Version [restartedMain] HHH000412: Hibernate ORM core version 5.4.32.Final
2022-06-04 11:39:11,518 INFO org.hibernate.annotations.common.reflection.java.JavaReflectionManager [restartedMain] HCANN000001: Hibernate Commons Annotations {5.1.2.Final}
2022-06-04 11:39:11,671 INFO com.zaxxer.hikari.HikariDataSource [restartedMain] HikariPool-1 - Starting...
2022-06-04 11:39:11,919 INFO com.zaxxer.hikari.HikariDataSource [restartedMain] HikariPool-1 - Start completed.
2022-06-04 11:39:11,944 INFO org.hibernate.dialect.Dialect [restartedMain] HHH000400: Using dialect: org.hibernate.dialect.PostgreSQLDialect
2022-06-04 11:39:13,499 INFO org.hibernate.engine.transaction.jta.platform.internal.JtaPlatformInitiator [restartedMain] HHH000490: Using JtaPlatform implementation: [org.hibernate.engine.transaction.jta.platform.internal.NoJtaPlatform]
2022-06-04 11:39:13,509 INFO org.springframework.orm.jpa.AbstractEntityManagerFactoryBean [restartedMain] Initialized JPA EntityManagerFactory for persistence unit 'default'
2022-06-04 11:39:14,051 WARN org.springframework.boot.autoconfigure.orm.jpa.JpaBaseConfiguration$JpaWebConfiguration [restartedMain] spring.jpa.open-in-view is enabled by default. Therefore, database queries may be performed during view rendering. Explicitly configure spring.jpa.open-in-view to disable this warning
2022-06-04 11:39:15,136 INFO org.springframework.security.web.DefaultSecurityFilterChain [restartedMain] Will secure any request with [org.springframework.security.web.context.request.async.WebAsyncManagerIntegrationFilter@d7c21b7, org.springframework.security.web.context.SecurityContextPersistenceFilter@8f5b048, org.springframework.security.web.header.HeaderWriterFilter@41aacaa5, org.springframework.web.filter.CorsFilter@6e1afd3b, org.springframework.security.web.authentication.logout.LogoutFilter@7cfe4bcc, com.graduationproject.realestate.security.JwtAuthenticationFilter@141cc2a5, org.springframework.security.web.savedrequest.RequestCacheAwareFilter@25514158, org.springframework.security.web.servletapi.SecurityContextHolderAwareRequestFilter@547dd0e2, org.springframework.security.web.authentication.AnonymousAuthenticationFilter@b3566c, org.springframework.security.web.session.SessionManagementFilter@25b91a6c, org.springframework.security.web.access.ExceptionTranslationFilter@42c80932, org.springframework.security.web.access.intercept.FilterSecurityInterceptor@4d64305a]
2022-06-04 11:39:15,166 INFO springfox.documentation.spring.web.PropertySourcedRequestMappingHandlerMapping [restartedMain] Mapped URL path [/v2/api-docs] onto method [springfox.documentation.swagger2.web.Swagger2Controller#getDocumentation(String, HttpServletRequest)]
2022-06-04 11:39:15,338 INFO org.springframework.boot.devtools.autoconfigure.OptionalLiveReloadServer [restartedMain] LiveReload server is running on port 35729
2022-06-04 11:39:15,588 INFO org.springframework.boot.web.embedded.tomcat.TomcatWebServer [restartedMain] Tomcat started on port(s): 8288 (http) with context path ''
2022-06-04 11:39:15,589 INFO springfox.documentation.spring.web.plugins.DocumentationPluginsBootstrapper [restartedMain] Context refreshed
2022-06-04 11:39:15,619 INFO springfox.documentation.spring.web.plugins.DocumentationPluginsBootstrapper [restartedMain] Found 1 custom documentation plugin(s)
2022-06-04 11:39:15,674 INFO springfox.documentation.spring.web.scanners.ApiListingReferenceScanner [restartedMain] Scanning for api listing references
2022-06-04 11:39:15,970 INFO springfox.documentation.spring.web.readers.operation.CachingOperationNameGenerator [restartedMain] Generating unique operation named: bigFilterUsingGET_1
2022-06-04 11:39:15,972 INFO springfox.documentation.spring.web.readers.operation.CachingOperationNameGenerator [restartedMain] Generating unique operation named: deleteRentUsingDELETE_1
2022-06-04 11:39:15,975 INFO springfox.documentation.spring.web.readers.operation.CachingOperationNameGenerator [restartedMain] Generating unique operation named: findByCityNameAndDistrictAndPriceUsingGET_1
2022-06-04 11:39:15,978 INFO springfox.documentation.spring.web.readers.operation.CachingOperationNameGenerator [restartedMain] Generating unique operation named: getAllByListingDateUsingGET_1
2022-06-04 11:39:15,983 INFO springfox.documentation.spring.web.readers.operation.CachingOperationNameGenerator [restartedMain] Generating unique operation named: getAllByPriceUsingGET_1
2022-06-04 11:39:15,986 INFO springfox.documentation.spring.web.readers.operation.CachingOperationNameGenerator [restartedMain] Generating unique operation named: getAllByProductTypeUsingGET_1
2022-06-04 11:39:15,993 INFO springfox.documentation.spring.web.readers.operation.CachingOperationNameGenerator [restartedMain] Generating unique operation named: getAllForRentCityWithParamUsingGET_1
2022-06-04 11:39:16,015 INFO springfox.documentation.spring.web.readers.operation.CachingOperationNameGenerator [restartedMain] Generating unique operation named: bigFilterUsingGET_2
2022-06-04 11:39:16,019 INFO springfox.documentation.spring.web.readers.operation.CachingOperationNameGenerator [restartedMain] Generating unique operation named: findByCityNameAndDistrictAndPriceUsingGET_2
2022-06-04 11:39:16,024 INFO springfox.documentation.spring.web.readers.operation.CachingOperationNameGenerator [restartedMain] Generating unique operation named: getAllByListingDateUsingGET_2
2022-06-04 11:39:16,026 INFO springfox.documentation.spring.web.readers.operation.CachingOperationNameGenerator [restartedMain] Generating unique operation named: getAllByPriceUsingGET_2
2022-06-04 11:39:16,029 INFO springfox.documentation.spring.web.readers.operation.CachingOperationNameGenerator [restartedMain] Generating unique operation named: getAllByProductTypeUsingGET_2
2022-06-04 11:39:16,055 INFO springfox.documentation.spring.web.readers.operation.CachingOperationNameGenerator [restartedMain] Generating unique operation named: bigFilterUsingGET_3
2022-06-04 11:39:16,064 INFO springfox.documentation.spring.web.readers.operation.CachingOperationNameGenerator [restartedMain] Generating unique operation named: findByCityNameAndDistrictAndPriceUsingGET_3
2022-06-04 11:39:16,069 INFO springfox.documentation.spring.web.readers.operation.CachingOperationNameGenerator [restartedMain] Generating unique operation named: getAllByListingDateUsingGET_3
2022-06-04 11:39:16,072 INFO springfox.documentation.spring.web.readers.operation.CachingOperationNameGenerator [restartedMain] Generating unique operation named: getAllByProductTypeUsingGET_3
2022-06-04 11:39:16,073 INFO springfox.documentation.spring.web.readers.operation.CachingOperationNameGenerator [restartedMain] Generating unique operation named: getAllCheapHouseByCityNameUsingGET_1
2022-06-04 11:39:16,163 INFO org.springframework.boot.StartupInfoLogger [restartedMain] Started RealestateApplication in 8.452 seconds (JVM running for 9.115)
2022-06-04 11:39:29,753 INFO org.apache.juli.logging.DirectJDKLog [http-nio-8288-exec-2] Initializing Spring DispatcherServlet 'dispatcherServlet'
2022-06-04 11:39:29,754 INFO org.springframework.web.servlet.FrameworkServlet [http-nio-8288-exec-2] Initializing Servlet 'dispatcherServlet'
2022-06-04 11:39:29,755 INFO org.springframework.web.servlet.FrameworkServlet [http-nio-8288-exec-2] Completed initialization in 1 ms
2022-06-04 11:39:30,109 INFO com.graduationproject.realestate.controller.ForRentEstateAgentController [http-nio-8288-exec-2] getAllByImmovableTypes metodu başladı
2022-06-04 11:39:30,109 INFO com.graduationproject.realestate.controller.ForRentEstateAgentController [http-nio-8288-exec-2] İstek atılan değerler: Konut Tipi: EV 
2022-06-04 11:55:30,419 INFO com.graduationproject.realestate.controller.ForRentEstateAgentController [http-nio-8288-exec-7] getAllByImmovableTypes metodu başladı
2022-06-04 11:55:30,420 INFO com.graduationproject.realestate.controller.ForRentEstateAgentController [http-nio-8288-exec-7] İstek atılan değerler: Konut Tipi: EV 
