2022-04-07 07:23:59,155 INFO org.springframework.boot.StartupInfoLogger [restartedMain] Starting RealestateApplication using Java 17 on DESKTOP-2A32802 with PID 11924 (C:\PROJELER JAVA EN SON\realestate\target\classes started by Mehmet in C:\PROJELER JAVA EN SON\realestate)
2022-04-07 07:23:59,158 INFO org.springframework.boot.SpringApplication [restartedMain] The following profiles are active: dev
2022-04-07 07:23:59,234 INFO org.springframework.boot.logging.DeferredLog [restartedMain] Devtools property defaults active! Set 'spring.devtools.add-properties' to 'false' to disable
2022-04-07 07:23:59,234 INFO org.springframework.boot.logging.DeferredLog [restartedMain] For additional web related logging consider setting the 'logging.level.web' property to 'DEBUG'
2022-04-07 07:24:00,243 INFO org.springframework.data.repository.config.RepositoryConfigurationDelegate [restartedMain] Bootstrapping Spring Data JPA repositories in DEFAULT mode.
2022-04-07 07:24:00,339 INFO org.springframework.data.repository.config.RepositoryConfigurationDelegate [restartedMain] Finished Spring Data repository scanning in 82 ms. Found 8 JPA repository interfaces.
2022-04-07 07:24:01,301 INFO org.springframework.boot.web.embedded.tomcat.TomcatWebServer [restartedMain] Tomcat initialized with port(s): 8888 (http)
2022-04-07 07:24:01,313 INFO org.apache.juli.logging.DirectJDKLog [restartedMain] Starting service [Tomcat]
2022-04-07 07:24:01,314 INFO org.apache.juli.logging.DirectJDKLog [restartedMain] Starting Servlet engine: [Apache Tomcat/9.0.54]
2022-04-07 07:24:01,453 INFO org.apache.juli.logging.DirectJDKLog [restartedMain] Initializing Spring embedded WebApplicationContext
2022-04-07 07:24:01,454 INFO org.springframework.boot.web.servlet.context.ServletWebServerApplicationContext [restartedMain] Root WebApplicationContext: initialization completed in 2219 ms
2022-04-07 07:24:01,618 INFO org.hibernate.jpa.internal.util.LogHelper [restartedMain] HHH000204: Processing PersistenceUnitInfo [name: default]
2022-04-07 07:24:01,691 INFO org.hibernate.Version [restartedMain] HHH000412: Hibernate ORM core version 5.4.32.Final
2022-04-07 07:24:01,823 INFO org.hibernate.annotations.common.reflection.java.JavaReflectionManager [restartedMain] HCANN000001: Hibernate Commons Annotations {5.1.2.Final}
2022-04-07 07:24:01,944 INFO com.zaxxer.hikari.HikariDataSource [restartedMain] HikariPool-1 - Starting...
2022-04-07 07:24:02,245 INFO com.zaxxer.hikari.HikariDataSource [restartedMain] HikariPool-1 - Start completed.
2022-04-07 07:24:02,267 INFO org.hibernate.dialect.Dialect [restartedMain] HHH000400: Using dialect: org.hibernate.dialect.PostgreSQLDialect
2022-04-07 07:24:03,712 INFO org.hibernate.engine.transaction.jta.platform.internal.JtaPlatformInitiator [restartedMain] HHH000490: Using JtaPlatform implementation: [org.hibernate.engine.transaction.jta.platform.internal.NoJtaPlatform]
2022-04-07 07:24:03,721 INFO org.springframework.orm.jpa.AbstractEntityManagerFactoryBean [restartedMain] Initialized JPA EntityManagerFactory for persistence unit 'default'
2022-04-07 07:24:04,099 WARN org.springframework.boot.autoconfigure.orm.jpa.JpaBaseConfiguration$JpaWebConfiguration [restartedMain] spring.jpa.open-in-view is enabled by default. Therefore, database queries may be performed during view rendering. Explicitly configure spring.jpa.open-in-view to disable this warning
2022-04-07 07:24:04,242 WARN org.springframework.context.support.AbstractApplicationContext [restartedMain] Exception encountered during context initialization - cancelling refresh attempt: org.springframework.beans.factory.UnsatisfiedDependencyException: Error creating bean with name 'estateAgentManager' defined in file [C:\PROJELER JAVA EN SON\realestate\target\classes\com\graduationproject\realestate\business\concretes\EstateAgentManager.class]: Unsatisfied dependency expressed through constructor parameter 2; nested exception is org.springframework.beans.factory.NoSuchBeanDefinitionException: No qualifying bean of type 'com.graduationproject.realestate.response.EstateAgentConverter' available: expected at least 1 bean which qualifies as autowire candidate. Dependency annotations: {}
2022-04-07 07:24:04,244 INFO org.springframework.orm.jpa.AbstractEntityManagerFactoryBean [restartedMain] Closing JPA EntityManagerFactory for persistence unit 'default'
2022-04-07 07:24:04,249 INFO com.zaxxer.hikari.HikariDataSource [restartedMain] HikariPool-1 - Shutdown initiated...
2022-04-07 07:24:04,252 INFO com.zaxxer.hikari.HikariDataSource [restartedMain] HikariPool-1 - Shutdown completed.
2022-04-07 07:24:04,258 INFO org.apache.juli.logging.DirectJDKLog [restartedMain] Stopping service [Tomcat]
2022-04-07 07:24:04,273 INFO org.springframework.boot.autoconfigure.logging.ConditionEvaluationReportLoggingListener [restartedMain] 

Error starting ApplicationContext. To display the conditions report re-run your application with 'debug' enabled.
2022-04-07 07:24:04,305 ERROR org.springframework.boot.diagnostics.LoggingFailureAnalysisReporter [restartedMain] 

***************************
APPLICATION FAILED TO START
***************************

Description:

Parameter 2 of constructor in com.graduationproject.realestate.business.concretes.EstateAgentManager required a bean of type 'com.graduationproject.realestate.response.EstateAgentConverter' that could not be found.


Action:

Consider defining a bean of type 'com.graduationproject.realestate.response.EstateAgentConverter' in your configuration.

2022-04-07 07:26:35,587 INFO org.springframework.boot.StartupInfoLogger [restartedMain] Starting RealestateApplication using Java 17 on DESKTOP-2A32802 with PID 17412 (C:\PROJELER JAVA EN SON\realestate\target\classes started by Mehmet in C:\PROJELER JAVA EN SON\realestate)
2022-04-07 07:26:35,589 INFO org.springframework.boot.SpringApplication [restartedMain] The following profiles are active: dev
2022-04-07 07:26:35,701 INFO org.springframework.boot.logging.DeferredLog [restartedMain] Devtools property defaults active! Set 'spring.devtools.add-properties' to 'false' to disable
2022-04-07 07:26:35,701 INFO org.springframework.boot.logging.DeferredLog [restartedMain] For additional web related logging consider setting the 'logging.level.web' property to 'DEBUG'
2022-04-07 07:26:36,782 INFO org.springframework.data.repository.config.RepositoryConfigurationDelegate [restartedMain] Bootstrapping Spring Data JPA repositories in DEFAULT mode.
2022-04-07 07:26:36,882 INFO org.springframework.data.repository.config.RepositoryConfigurationDelegate [restartedMain] Finished Spring Data repository scanning in 87 ms. Found 8 JPA repository interfaces.
2022-04-07 07:26:37,832 INFO org.springframework.boot.web.embedded.tomcat.TomcatWebServer [restartedMain] Tomcat initialized with port(s): 8888 (http)
2022-04-07 07:26:37,841 INFO org.apache.juli.logging.DirectJDKLog [restartedMain] Starting service [Tomcat]
2022-04-07 07:26:37,842 INFO org.apache.juli.logging.DirectJDKLog [restartedMain] Starting Servlet engine: [Apache Tomcat/9.0.54]
2022-04-07 07:26:37,994 INFO org.apache.juli.logging.DirectJDKLog [restartedMain] Initializing Spring embedded WebApplicationContext
2022-04-07 07:26:37,995 INFO org.springframework.boot.web.servlet.context.ServletWebServerApplicationContext [restartedMain] Root WebApplicationContext: initialization completed in 2292 ms
2022-04-07 07:26:38,174 INFO org.hibernate.jpa.internal.util.LogHelper [restartedMain] HHH000204: Processing PersistenceUnitInfo [name: default]
2022-04-07 07:26:38,229 INFO org.hibernate.Version [restartedMain] HHH000412: Hibernate ORM core version 5.4.32.Final
2022-04-07 07:26:38,333 INFO org.hibernate.annotations.common.reflection.java.JavaReflectionManager [restartedMain] HCANN000001: Hibernate Commons Annotations {5.1.2.Final}
2022-04-07 07:26:38,433 INFO com.zaxxer.hikari.HikariDataSource [restartedMain] HikariPool-1 - Starting...
2022-04-07 07:26:38,645 INFO com.zaxxer.hikari.HikariDataSource [restartedMain] HikariPool-1 - Start completed.
2022-04-07 07:26:38,662 INFO org.hibernate.dialect.Dialect [restartedMain] HHH000400: Using dialect: org.hibernate.dialect.PostgreSQLDialect
2022-04-07 07:26:40,138 INFO org.hibernate.engine.transaction.jta.platform.internal.JtaPlatformInitiator [restartedMain] HHH000490: Using JtaPlatform implementation: [org.hibernate.engine.transaction.jta.platform.internal.NoJtaPlatform]
2022-04-07 07:26:40,148 INFO org.springframework.orm.jpa.AbstractEntityManagerFactoryBean [restartedMain] Initialized JPA EntityManagerFactory for persistence unit 'default'
2022-04-07 07:26:40,533 WARN org.springframework.boot.autoconfigure.orm.jpa.JpaBaseConfiguration$JpaWebConfiguration [restartedMain] spring.jpa.open-in-view is enabled by default. Therefore, database queries may be performed during view rendering. Explicitly configure spring.jpa.open-in-view to disable this warning
2022-04-07 07:26:41,516 INFO org.springframework.security.web.DefaultSecurityFilterChain [restartedMain] Will secure any request with [org.springframework.security.web.context.request.async.WebAsyncManagerIntegrationFilter@44116c1, org.springframework.security.web.context.SecurityContextPersistenceFilter@57453e35, org.springframework.security.web.header.HeaderWriterFilter@7a5b1864, org.springframework.web.filter.CorsFilter@47612bca, org.springframework.security.web.authentication.logout.LogoutFilter@1ad86a76, com.graduationproject.realestate.security.JwtAuthenticationFilter@3c80dfa7, org.springframework.security.web.savedrequest.RequestCacheAwareFilter@4bb8e5b6, org.springframework.security.web.servletapi.SecurityContextHolderAwareRequestFilter@1bda7fa9, org.springframework.security.web.authentication.AnonymousAuthenticationFilter@47ece738, org.springframework.security.web.session.SessionManagementFilter@45845d89, org.springframework.security.web.access.ExceptionTranslationFilter@35ae79c, org.springframework.security.web.access.intercept.FilterSecurityInterceptor@337b421f]
2022-04-07 07:26:41,542 INFO springfox.documentation.spring.web.PropertySourcedRequestMappingHandlerMapping [restartedMain] Mapped URL path [/v2/api-docs] onto method [springfox.documentation.swagger2.web.Swagger2Controller#getDocumentation(String, HttpServletRequest)]
2022-04-07 07:26:41,692 INFO org.springframework.boot.devtools.autoconfigure.OptionalLiveReloadServer [restartedMain] LiveReload server is running on port 35729
2022-04-07 07:26:41,889 INFO org.springframework.boot.web.embedded.tomcat.TomcatWebServer [restartedMain] Tomcat started on port(s): 8888 (http) with context path ''
2022-04-07 07:26:41,891 INFO springfox.documentation.spring.web.plugins.DocumentationPluginsBootstrapper [restartedMain] Context refreshed
2022-04-07 07:26:41,908 INFO springfox.documentation.spring.web.plugins.DocumentationPluginsBootstrapper [restartedMain] Found 1 custom documentation plugin(s)
2022-04-07 07:26:41,961 INFO springfox.documentation.spring.web.scanners.ApiListingReferenceScanner [restartedMain] Scanning for api listing references
2022-04-07 07:26:42,272 INFO springfox.documentation.spring.web.readers.operation.CachingOperationNameGenerator [restartedMain] Generating unique operation named: bigFilterUsingGET_1
2022-04-07 07:26:42,276 INFO springfox.documentation.spring.web.readers.operation.CachingOperationNameGenerator [restartedMain] Generating unique operation named: deleteRentUsingDELETE_1
2022-04-07 07:26:42,281 INFO springfox.documentation.spring.web.readers.operation.CachingOperationNameGenerator [restartedMain] Generating unique operation named: findByCityNameAndDistrictAndPriceUsingGET_1
2022-04-07 07:26:42,286 INFO springfox.documentation.spring.web.readers.operation.CachingOperationNameGenerator [restartedMain] Generating unique operation named: getAllByImmovableTypesUsingGET_1
2022-04-07 07:26:42,291 INFO springfox.documentation.spring.web.readers.operation.CachingOperationNameGenerator [restartedMain] Generating unique operation named: getAllByListingDateUsingGET_1
2022-04-07 07:26:42,295 INFO springfox.documentation.spring.web.readers.operation.CachingOperationNameGenerator [restartedMain] Generating unique operation named: getAllByPriceUsingGET_1
2022-04-07 07:26:42,303 INFO springfox.documentation.spring.web.readers.operation.CachingOperationNameGenerator [restartedMain] Generating unique operation named: getAllForRentCityWithParamUsingGET_1
2022-04-07 07:26:42,350 INFO springfox.documentation.spring.web.readers.operation.CachingOperationNameGenerator [restartedMain] Generating unique operation named: bigFilterUsingGET_2
2022-04-07 07:26:42,357 INFO springfox.documentation.spring.web.readers.operation.CachingOperationNameGenerator [restartedMain] Generating unique operation named: findByCityNameAndDistrictAndPriceUsingGET_2
2022-04-07 07:26:42,365 INFO springfox.documentation.spring.web.readers.operation.CachingOperationNameGenerator [restartedMain] Generating unique operation named: getAllByImmovableTypesUsingGET_2
2022-04-07 07:26:42,369 INFO springfox.documentation.spring.web.readers.operation.CachingOperationNameGenerator [restartedMain] Generating unique operation named: getAllByListingDateUsingGET_2
2022-04-07 07:26:42,373 INFO springfox.documentation.spring.web.readers.operation.CachingOperationNameGenerator [restartedMain] Generating unique operation named: getAllByPriceUsingGET_2
2022-04-07 07:26:42,420 INFO springfox.documentation.spring.web.readers.operation.CachingOperationNameGenerator [restartedMain] Generating unique operation named: bigFilterUsingGET_3
2022-04-07 07:26:42,433 INFO springfox.documentation.spring.web.readers.operation.CachingOperationNameGenerator [restartedMain] Generating unique operation named: findByCityNameAndDistrictAndPriceUsingGET_3
2022-04-07 07:26:42,440 INFO springfox.documentation.spring.web.readers.operation.CachingOperationNameGenerator [restartedMain] Generating unique operation named: getAllByImmovableTypesUsingGET_3
2022-04-07 07:26:42,445 INFO springfox.documentation.spring.web.readers.operation.CachingOperationNameGenerator [restartedMain] Generating unique operation named: getAllByListingDateUsingGET_3
2022-04-07 07:26:42,449 INFO springfox.documentation.spring.web.readers.operation.CachingOperationNameGenerator [restartedMain] Generating unique operation named: getAllCheapHouseByCityNameUsingGET_1
2022-04-07 07:26:42,570 INFO org.springframework.boot.StartupInfoLogger [restartedMain] Started RealestateApplication in 7.904 seconds (JVM running for 9.477)
2022-04-07 07:29:52,950 INFO org.springframework.boot.StartupInfoLogger [restartedMain] Starting RealestateApplication using Java 17 on DESKTOP-2A32802 with PID 1616 (C:\PROJELER JAVA EN SON\realestate\target\classes started by Mehmet in C:\PROJELER JAVA EN SON\realestate)
2022-04-07 07:29:52,952 INFO org.springframework.boot.SpringApplication [restartedMain] The following profiles are active: dev
2022-04-07 07:29:53,046 INFO org.springframework.boot.logging.DeferredLog [restartedMain] Devtools property defaults active! Set 'spring.devtools.add-properties' to 'false' to disable
2022-04-07 07:29:53,046 INFO org.springframework.boot.logging.DeferredLog [restartedMain] For additional web related logging consider setting the 'logging.level.web' property to 'DEBUG'
2022-04-07 07:29:54,154 INFO org.springframework.data.repository.config.RepositoryConfigurationDelegate [restartedMain] Bootstrapping Spring Data JPA repositories in DEFAULT mode.
2022-04-07 07:29:54,256 INFO org.springframework.data.repository.config.RepositoryConfigurationDelegate [restartedMain] Finished Spring Data repository scanning in 89 ms. Found 8 JPA repository interfaces.
2022-04-07 07:29:55,317 INFO org.springframework.boot.web.embedded.tomcat.TomcatWebServer [restartedMain] Tomcat initialized with port(s): 8888 (http)
2022-04-07 07:29:55,327 INFO org.apache.juli.logging.DirectJDKLog [restartedMain] Starting service [Tomcat]
2022-04-07 07:29:55,328 INFO org.apache.juli.logging.DirectJDKLog [restartedMain] Starting Servlet engine: [Apache Tomcat/9.0.54]
2022-04-07 07:29:55,504 INFO org.apache.juli.logging.DirectJDKLog [restartedMain] Initializing Spring embedded WebApplicationContext
2022-04-07 07:29:55,506 INFO org.springframework.boot.web.servlet.context.ServletWebServerApplicationContext [restartedMain] Root WebApplicationContext: initialization completed in 2458 ms
2022-04-07 07:29:55,706 INFO org.hibernate.jpa.internal.util.LogHelper [restartedMain] HHH000204: Processing PersistenceUnitInfo [name: default]
2022-04-07 07:29:55,767 INFO org.hibernate.Version [restartedMain] HHH000412: Hibernate ORM core version 5.4.32.Final
2022-04-07 07:29:56,005 INFO org.hibernate.annotations.common.reflection.java.JavaReflectionManager [restartedMain] HCANN000001: Hibernate Commons Annotations {5.1.2.Final}
2022-04-07 07:29:56,189 INFO com.zaxxer.hikari.HikariDataSource [restartedMain] HikariPool-1 - Starting...
2022-04-07 07:29:56,535 INFO com.zaxxer.hikari.HikariDataSource [restartedMain] HikariPool-1 - Start completed.
2022-04-07 07:29:56,565 INFO org.hibernate.dialect.Dialect [restartedMain] HHH000400: Using dialect: org.hibernate.dialect.PostgreSQLDialect
2022-04-07 07:29:58,873 INFO org.hibernate.engine.transaction.jta.platform.internal.JtaPlatformInitiator [restartedMain] HHH000490: Using JtaPlatform implementation: [org.hibernate.engine.transaction.jta.platform.internal.NoJtaPlatform]
2022-04-07 07:29:58,885 INFO org.springframework.orm.jpa.AbstractEntityManagerFactoryBean [restartedMain] Initialized JPA EntityManagerFactory for persistence unit 'default'
2022-04-07 07:29:59,439 WARN org.springframework.boot.autoconfigure.orm.jpa.JpaBaseConfiguration$JpaWebConfiguration [restartedMain] spring.jpa.open-in-view is enabled by default. Therefore, database queries may be performed during view rendering. Explicitly configure spring.jpa.open-in-view to disable this warning
2022-04-07 07:30:00,853 INFO org.springframework.security.web.DefaultSecurityFilterChain [restartedMain] Will secure any request with [org.springframework.security.web.context.request.async.WebAsyncManagerIntegrationFilter@5f355a82, org.springframework.security.web.context.SecurityContextPersistenceFilter@31884108, org.springframework.security.web.header.HeaderWriterFilter@124afab9, org.springframework.web.filter.CorsFilter@45f62dc9, org.springframework.security.web.authentication.logout.LogoutFilter@2ac24353, com.graduationproject.realestate.security.JwtAuthenticationFilter@39fa665, org.springframework.security.web.savedrequest.RequestCacheAwareFilter@69435002, org.springframework.security.web.servletapi.SecurityContextHolderAwareRequestFilter@784221f9, org.springframework.security.web.authentication.AnonymousAuthenticationFilter@39ef9b99, org.springframework.security.web.session.SessionManagementFilter@414fc4df, org.springframework.security.web.access.ExceptionTranslationFilter@1c0e01e2, org.springframework.security.web.access.intercept.FilterSecurityInterceptor@5d12068e]
2022-04-07 07:30:00,882 INFO springfox.documentation.spring.web.PropertySourcedRequestMappingHandlerMapping [restartedMain] Mapped URL path [/v2/api-docs] onto method [springfox.documentation.swagger2.web.Swagger2Controller#getDocumentation(String, HttpServletRequest)]
2022-04-07 07:30:01,059 INFO org.springframework.boot.devtools.autoconfigure.OptionalLiveReloadServer [restartedMain] LiveReload server is running on port 35729
2022-04-07 07:30:01,347 INFO org.springframework.boot.web.embedded.tomcat.TomcatWebServer [restartedMain] Tomcat started on port(s): 8888 (http) with context path ''
2022-04-07 07:30:01,350 INFO springfox.documentation.spring.web.plugins.DocumentationPluginsBootstrapper [restartedMain] Context refreshed
2022-04-07 07:30:01,372 INFO springfox.documentation.spring.web.plugins.DocumentationPluginsBootstrapper [restartedMain] Found 1 custom documentation plugin(s)
2022-04-07 07:30:01,433 INFO springfox.documentation.spring.web.scanners.ApiListingReferenceScanner [restartedMain] Scanning for api listing references
2022-04-07 07:30:01,788 INFO springfox.documentation.spring.web.readers.operation.CachingOperationNameGenerator [restartedMain] Generating unique operation named: bigFilterUsingGET_1
2022-04-07 07:30:01,794 INFO springfox.documentation.spring.web.readers.operation.CachingOperationNameGenerator [restartedMain] Generating unique operation named: deleteRentUsingDELETE_1
2022-04-07 07:30:01,800 INFO springfox.documentation.spring.web.readers.operation.CachingOperationNameGenerator [restartedMain] Generating unique operation named: findByCityNameAndDistrictAndPriceUsingGET_1
2022-04-07 07:30:01,805 INFO springfox.documentation.spring.web.readers.operation.CachingOperationNameGenerator [restartedMain] Generating unique operation named: getAllByImmovableTypesUsingGET_1
2022-04-07 07:30:01,809 INFO springfox.documentation.spring.web.readers.operation.CachingOperationNameGenerator [restartedMain] Generating unique operation named: getAllByListingDateUsingGET_1
2022-04-07 07:30:01,813 INFO springfox.documentation.spring.web.readers.operation.CachingOperationNameGenerator [restartedMain] Generating unique operation named: getAllByPriceUsingGET_1
2022-04-07 07:30:01,825 INFO springfox.documentation.spring.web.readers.operation.CachingOperationNameGenerator [restartedMain] Generating unique operation named: getAllForRentCityWithParamUsingGET_1
2022-04-07 07:30:01,873 INFO springfox.documentation.spring.web.readers.operation.CachingOperationNameGenerator [restartedMain] Generating unique operation named: bigFilterUsingGET_2
2022-04-07 07:30:01,882 INFO springfox.documentation.spring.web.readers.operation.CachingOperationNameGenerator [restartedMain] Generating unique operation named: findByCityNameAndDistrictAndPriceUsingGET_2
2022-04-07 07:30:01,892 INFO springfox.documentation.spring.web.readers.operation.CachingOperationNameGenerator [restartedMain] Generating unique operation named: getAllByImmovableTypesUsingGET_2
2022-04-07 07:30:01,898 INFO springfox.documentation.spring.web.readers.operation.CachingOperationNameGenerator [restartedMain] Generating unique operation named: getAllByListingDateUsingGET_2
2022-04-07 07:30:01,904 INFO springfox.documentation.spring.web.readers.operation.CachingOperationNameGenerator [restartedMain] Generating unique operation named: getAllByPriceUsingGET_2
2022-04-07 07:30:01,951 INFO springfox.documentation.spring.web.readers.operation.CachingOperationNameGenerator [restartedMain] Generating unique operation named: bigFilterUsingGET_3
2022-04-07 07:30:01,967 INFO springfox.documentation.spring.web.readers.operation.CachingOperationNameGenerator [restartedMain] Generating unique operation named: findByCityNameAndDistrictAndPriceUsingGET_3
2022-04-07 07:30:01,979 INFO springfox.documentation.spring.web.readers.operation.CachingOperationNameGenerator [restartedMain] Generating unique operation named: getAllByImmovableTypesUsingGET_3
2022-04-07 07:30:01,983 INFO springfox.documentation.spring.web.readers.operation.CachingOperationNameGenerator [restartedMain] Generating unique operation named: getAllByListingDateUsingGET_3
2022-04-07 07:30:01,986 INFO springfox.documentation.spring.web.readers.operation.CachingOperationNameGenerator [restartedMain] Generating unique operation named: getAllCheapHouseByCityNameUsingGET_1
2022-04-07 07:30:02,121 INFO org.springframework.boot.StartupInfoLogger [restartedMain] Started RealestateApplication in 10.153 seconds (JVM running for 11.721)
2022-04-07 07:32:59,329 INFO org.apache.juli.logging.DirectJDKLog [http-nio-8888-exec-1] Initializing Spring DispatcherServlet 'dispatcherServlet'
2022-04-07 07:32:59,329 INFO org.springframework.web.servlet.FrameworkServlet [http-nio-8888-exec-1] Initializing Servlet 'dispatcherServlet'
2022-04-07 07:32:59,331 INFO org.springframework.web.servlet.FrameworkServlet [http-nio-8888-exec-1] Completed initialization in 1 ms
2022-04-07 07:35:00,325 INFO com.graduationproject.realestate.controller.CityController [http-nio-8888-exec-6] addCity metodu başladı
2022-04-07 07:35:00,326 INFO com.graduationproject.realestate.controller.CityController [http-nio-8888-exec-6] Eklendi: CityRequest(cityName=mehmet, district=Mehmet1998+) 
