2022-04-09 19:36:20,733 INFO org.springframework.boot.StartupInfoLogger [restartedMain] Starting RealestateApplication using Java 17 on DESKTOP-2A32802 with PID 16344 (C:\PROJELER JAVA EN SON\realestate\target\classes started by Mehmet in C:\PROJELER JAVA EN SON\realestate)
2022-04-09 19:36:20,736 INFO org.springframework.boot.SpringApplication [restartedMain] The following profiles are active: dev
2022-04-09 19:36:20,806 INFO org.springframework.boot.logging.DeferredLog [restartedMain] Devtools property defaults active! Set 'spring.devtools.add-properties' to 'false' to disable
2022-04-09 19:36:20,806 INFO org.springframework.boot.logging.DeferredLog [restartedMain] For additional web related logging consider setting the 'logging.level.web' property to 'DEBUG'
2022-04-09 19:36:21,907 INFO org.springframework.data.repository.config.RepositoryConfigurationDelegate [restartedMain] Bootstrapping Spring Data JPA repositories in DEFAULT mode.
2022-04-09 19:36:22,021 INFO org.springframework.data.repository.config.RepositoryConfigurationDelegate [restartedMain] Finished Spring Data repository scanning in 99 ms. Found 8 JPA repository interfaces.
2022-04-09 19:36:23,048 INFO org.springframework.boot.web.embedded.tomcat.TomcatWebServer [restartedMain] Tomcat initialized with port(s): 8888 (http)
2022-04-09 19:36:23,059 INFO org.apache.juli.logging.DirectJDKLog [restartedMain] Starting service [Tomcat]
2022-04-09 19:36:23,060 INFO org.apache.juli.logging.DirectJDKLog [restartedMain] Starting Servlet engine: [Apache Tomcat/9.0.54]
2022-04-09 19:36:23,186 INFO org.apache.juli.logging.DirectJDKLog [restartedMain] Initializing Spring embedded WebApplicationContext
2022-04-09 19:36:23,186 INFO org.springframework.boot.web.servlet.context.ServletWebServerApplicationContext [restartedMain] Root WebApplicationContext: initialization completed in 2379 ms
2022-04-09 19:36:23,339 INFO org.hibernate.jpa.internal.util.LogHelper [restartedMain] HHH000204: Processing PersistenceUnitInfo [name: default]
2022-04-09 19:36:23,393 INFO org.hibernate.Version [restartedMain] HHH000412: Hibernate ORM core version 5.4.32.Final
2022-04-09 19:36:23,511 INFO org.hibernate.annotations.common.reflection.java.JavaReflectionManager [restartedMain] HCANN000001: Hibernate Commons Annotations {5.1.2.Final}
2022-04-09 19:36:23,630 INFO com.zaxxer.hikari.HikariDataSource [restartedMain] HikariPool-1 - Starting...
2022-04-09 19:36:23,892 INFO com.zaxxer.hikari.HikariDataSource [restartedMain] HikariPool-1 - Start completed.
2022-04-09 19:36:23,910 INFO org.hibernate.dialect.Dialect [restartedMain] HHH000400: Using dialect: org.hibernate.dialect.PostgreSQLDialect
2022-04-09 19:36:25,289 INFO org.hibernate.engine.transaction.jta.platform.internal.JtaPlatformInitiator [restartedMain] HHH000490: Using JtaPlatform implementation: [org.hibernate.engine.transaction.jta.platform.internal.NoJtaPlatform]
2022-04-09 19:36:25,297 INFO org.springframework.orm.jpa.AbstractEntityManagerFactoryBean [restartedMain] Initialized JPA EntityManagerFactory for persistence unit 'default'
2022-04-09 19:36:25,628 WARN org.springframework.boot.autoconfigure.orm.jpa.JpaBaseConfiguration$JpaWebConfiguration [restartedMain] spring.jpa.open-in-view is enabled by default. Therefore, database queries may be performed during view rendering. Explicitly configure spring.jpa.open-in-view to disable this warning
2022-04-09 19:36:26,477 INFO org.springframework.security.web.DefaultSecurityFilterChain [restartedMain] Will secure any request with [org.springframework.security.web.context.request.async.WebAsyncManagerIntegrationFilter@72cc80f5, org.springframework.security.web.context.SecurityContextPersistenceFilter@6cf12d0, org.springframework.security.web.header.HeaderWriterFilter@6c94850c, org.springframework.web.filter.CorsFilter@3c774b90, org.springframework.security.web.authentication.logout.LogoutFilter@1179949e, com.graduationproject.realestate.security.JwtAuthenticationFilter@594c78c3, org.springframework.security.web.savedrequest.RequestCacheAwareFilter@3ddcaadb, org.springframework.security.web.servletapi.SecurityContextHolderAwareRequestFilter@74d28f6, org.springframework.security.web.authentication.AnonymousAuthenticationFilter@69542b88, org.springframework.security.web.session.SessionManagementFilter@3e407820, org.springframework.security.web.access.ExceptionTranslationFilter@49eba914, org.springframework.security.web.access.intercept.FilterSecurityInterceptor@3b4adbda]
2022-04-09 19:36:26,503 INFO springfox.documentation.spring.web.PropertySourcedRequestMappingHandlerMapping [restartedMain] Mapped URL path [/v2/api-docs] onto method [springfox.documentation.swagger2.web.Swagger2Controller#getDocumentation(String, HttpServletRequest)]
2022-04-09 19:36:26,640 INFO org.springframework.boot.devtools.autoconfigure.OptionalLiveReloadServer [restartedMain] LiveReload server is running on port 35729
2022-04-09 19:36:26,817 INFO org.springframework.boot.web.embedded.tomcat.TomcatWebServer [restartedMain] Tomcat started on port(s): 8888 (http) with context path ''
2022-04-09 19:36:26,819 INFO springfox.documentation.spring.web.plugins.DocumentationPluginsBootstrapper [restartedMain] Context refreshed
2022-04-09 19:36:26,835 INFO springfox.documentation.spring.web.plugins.DocumentationPluginsBootstrapper [restartedMain] Found 1 custom documentation plugin(s)
2022-04-09 19:36:26,881 INFO springfox.documentation.spring.web.scanners.ApiListingReferenceScanner [restartedMain] Scanning for api listing references
2022-04-09 19:36:27,157 INFO springfox.documentation.spring.web.readers.operation.CachingOperationNameGenerator [restartedMain] Generating unique operation named: bigFilterUsingGET_1
2022-04-09 19:36:27,161 INFO springfox.documentation.spring.web.readers.operation.CachingOperationNameGenerator [restartedMain] Generating unique operation named: deleteRentUsingDELETE_1
2022-04-09 19:36:27,167 INFO springfox.documentation.spring.web.readers.operation.CachingOperationNameGenerator [restartedMain] Generating unique operation named: findByCityNameAndDistrictAndPriceUsingGET_1
2022-04-09 19:36:27,172 INFO springfox.documentation.spring.web.readers.operation.CachingOperationNameGenerator [restartedMain] Generating unique operation named: getAllByImmovableTypesUsingGET_1
2022-04-09 19:36:27,176 INFO springfox.documentation.spring.web.readers.operation.CachingOperationNameGenerator [restartedMain] Generating unique operation named: getAllByListingDateUsingGET_1
2022-04-09 19:36:27,180 INFO springfox.documentation.spring.web.readers.operation.CachingOperationNameGenerator [restartedMain] Generating unique operation named: getAllByPriceUsingGET_1
2022-04-09 19:36:27,187 INFO springfox.documentation.spring.web.readers.operation.CachingOperationNameGenerator [restartedMain] Generating unique operation named: getAllForRentCityWithParamUsingGET_1
2022-04-09 19:36:27,228 INFO springfox.documentation.spring.web.readers.operation.CachingOperationNameGenerator [restartedMain] Generating unique operation named: bigFilterUsingGET_2
2022-04-09 19:36:27,235 INFO springfox.documentation.spring.web.readers.operation.CachingOperationNameGenerator [restartedMain] Generating unique operation named: findByCityNameAndDistrictAndPriceUsingGET_2
2022-04-09 19:36:27,244 INFO springfox.documentation.spring.web.readers.operation.CachingOperationNameGenerator [restartedMain] Generating unique operation named: getAllByImmovableTypesUsingGET_2
2022-04-09 19:36:27,248 INFO springfox.documentation.spring.web.readers.operation.CachingOperationNameGenerator [restartedMain] Generating unique operation named: getAllByListingDateUsingGET_2
2022-04-09 19:36:27,253 INFO springfox.documentation.spring.web.readers.operation.CachingOperationNameGenerator [restartedMain] Generating unique operation named: getAllByPriceUsingGET_2
2022-04-09 19:36:27,297 INFO springfox.documentation.spring.web.readers.operation.CachingOperationNameGenerator [restartedMain] Generating unique operation named: bigFilterUsingGET_3
2022-04-09 19:36:27,312 INFO springfox.documentation.spring.web.readers.operation.CachingOperationNameGenerator [restartedMain] Generating unique operation named: findByCityNameAndDistrictAndPriceUsingGET_3
2022-04-09 19:36:27,322 INFO springfox.documentation.spring.web.readers.operation.CachingOperationNameGenerator [restartedMain] Generating unique operation named: getAllByImmovableTypesUsingGET_3
2022-04-09 19:36:27,328 INFO springfox.documentation.spring.web.readers.operation.CachingOperationNameGenerator [restartedMain] Generating unique operation named: getAllByListingDateUsingGET_3
2022-04-09 19:36:27,331 INFO springfox.documentation.spring.web.readers.operation.CachingOperationNameGenerator [restartedMain] Generating unique operation named: getAllCheapHouseByCityNameUsingGET_1
2022-04-09 19:36:27,450 INFO org.springframework.boot.StartupInfoLogger [restartedMain] Started RealestateApplication in 7.406 seconds (JVM running for 9.166)
